<?xml version="1.0" encoding="UTF-8"?>
<beans xmlns="http://www.springframework.org/schema/beans"
	xmlns:xsi="http://www.w3.org/2001/XMLSchema-instance" xmlns:context="http://www.springframework.org/schema/context"
	xsi:schemaLocation="http://www.springframework.org/schema/beans http://www.springframework.org/schema/beans/spring-beans-3.2.xsd
		http://www.springframework.org/schema/context http://www.springframework.org/schema/context/spring-context-3.2.xsd">

	<import resource="classpath:egovframework/spring/com/context-aspect.xml" />
	<import resource="classpath:egovframework/spring/com/context-common.xml" />
	<import resource="classpath:egovframework/spring/com/context-datasource.xml" />
	<import resource="classpath:egovframework/spring/com/context-datasource2.xml" />
	<import
		resource="classpath:egovframework/spring/com/context-egovuserdetailshelper.xml" />
	<import resource="classpath:egovframework/spring/com/context-excel.xml" />
	<import resource="classpath:egovframework/spring/com/context-loginaop.xml" />
	<import resource="classpath:egovframework/spring/com/context-mail.xml" />
	<import resource="classpath:egovframework/spring/com/context-privacylogaop.xml" />
	<import resource="classpath:egovframework/spring/com/context-properties.xml" />
	<!-- <import resource="classpath:egovframework/spring/com/context-security.xml" 
		/> -->
	<import resource="classpath:egovframework/spring/com/context-sqlMap.xml" />
	<import resource="classpath:egovframework/spring/com/context-sqlMap2.xml" />
	<import resource="classpath:egovframework/spring/com/context-syslogaop.xml" />
	<import resource="classpath:egovframework/spring/com/context-transaction.xml" />
	<import resource="classpath:egovframework/spring/com/context-validator.xml" />

	<context:component-scan base-package="egovframework, godsoft">
		<context:include-filter expression="org.springframework.stereotype.Controller"
			type="annotation" />
		<context:exclude-filter expression="org.springframework.stereotype.Service"
			type="annotation" />
		<context:exclude-filter expression="org.springframework.stereotype.Repository"
			type="annotation" />
	</context:component-scan>

</beans>
